19:39:43.846 [main]INFO  com.cml.qa.testcases.LandingPageTest - **** Starting Landing Page Test cases execution ****
19:39:43.863 [main]INFO  com.cml.qa.base.TestBaseClass - **** Browser initialization started ****
19:39:49.526 [main]INFO  com.cml.qa.base.TestBaseClass - **** Launching the Edge Browser ****
19:39:55.867 [main]INFO  com.cml.qa.base.TestBaseClass - **** Entering the CML Application Url into browser ****
19:39:58.681 [main]INFO  com.cml.qa.pages.SignUpPageClass - First Name: Denis
19:39:58.827 [main]INFO  com.cml.qa.pages.SignUpPageClass - Last Name: Torp
19:39:58.996 [main]INFO  com.cml.qa.pages.SignUpPageClass - Full Name: Guillermo Hickle ->FullName Without Space: GuillermoHickle
19:39:59.769 [main]INFO  com.cml.qa.pages.SignUpPageClass - Scrolling the window vertically
19:39:59.778 [main]INFO  com.cml.qa.pages.SignUpPageClass - Full Address: Suite 358 24075 Walsh Avenue, East Raulbury, NC 58447-6545
19:39:59.778 [main]INFO  com.cml.qa.pages.SignUpPageClass - City is : East Raulbury
19:39:59.978 [main]INFO  com.cml.qa.pages.SignUpPageClass - State Name is : NC
19:40:00.170 [main]INFO  com.cml.qa.pages.SignUpPageClass - 
Selected State Option is:NC
19:40:00.289 [main]INFO  com.cml.qa.pages.SignUpPageClass - ZIP Code is : 58447-6545
19:40:00.585 [main]INFO  com.cml.qa.pages.SignUpPageClass - Phone Number: 1-346-586-8363
19:40:00.938 [main]INFO  com.cml.qa.pages.SignUpPageClass - Entered Email Address: GuillermoHickle@mailinator.com
19:40:01.088 [main]INFO  com.cml.qa.pages.SignUpPageClass - Entered password: Pass@123
19:40:06.172 [main]INFO  com.cml.qa.utilities.TestUtil_mailinator - 
User is navigating to the Mailinator for the Email verification 

19:40:10.028 [main]INFO  com.cml.qa.base.TestBaseClass - Screenshot has been taken as this Test case is failed
19:40:16.511 [main]INFO  com.cml.qa.utilities.TestUtil_mailinator - 
->Title is: Mailinator and Link is-> https://www.mailinator.com/v4/public/inboxes.jsp?msgid=guillermohickle-1723819203-11103338012

19:40:16.668 [main]INFO  com.cml.qa.utilities.TestUtil_mailinator - 
->After switching window-> Url is :https://www.mailinator.com/v4/public/inboxes.jsp?msgid=guillermohickle-1723819203-11103338012
->Title is-> Mailinator

19:40:17.906 [main]INFO  com.cml.qa.utilities.TestUtil_mailinator - Login with the newly Registered user
19:40:17.907 [main]INFO  com.cml.qa.pages.LoginPageClass - Entering Email into the Email field
19:40:18.205 [main]INFO  com.cml.qa.pages.LoginPageClass - Entering Password into the Password field
19:40:20.289 [main]INFO  com.cml.qa.pages.LoginPageClass - Clicked the Login button
19:40:22.158 [main]INFO  com.cml.qa.utilities.TestUtil_mailinator - 
-> Landing page Url is: https://staging.certifiedmaillabels.com/ and Title is-> USPS Certified Mail Labels

19:40:22.167 [main]INFO  com.cml.qa.utilities.TestUtil_mailinator - ->User logged in and directed on landing page successfully and URL verification done

19:40:22.375 [main]INFO  com.cml.qa.testcases.LandingPageTest - **** Execution of Landing Page UI verification 'TC_CML_SS_001' Started ****
19:40:22.375 [main]INFO  com.cml.qa.pages.LandingPageClass - PageHeadingH1: USPS Certified Mail Labels
19:40:22.501 [main]INFO  com.cml.qa.pages.LandingPageClass - VerifyPageHeadingH2 is: Address and Print USPS Certified Mail® Labels Online!
19:40:22.577 [main]INFO  com.cml.qa.pages.LandingPageClass - Verify Image is present: true And Its Source Url is: https://cml-ckeditor.s3.amazonaws.com/July%202024%20USPS%20Rates%20Certified%20Mail%20Labels%20.jpg
19:40:22.604 [main]INFO  com.cml.qa.pages.LandingPageClass - Scrolling the window vertically
19:40:22.863 [main]INFO  com.cml.qa.pages.LandingPageClass - Verify USPS CML Image Paragraph Text is: Skip the trip to the Post Office… Address and print USPS Certified Mail® Labels online. Save $3.15 on postage for each Certified Mail® green card receipt. No monthly fees, no contracts, and no software or special equipment. Get email notifications with Electronic Delivery Confirmations, Return Receipt Signatures, tracking, and a 10-year compliance archive at no extra cost. You’ll have proof of mailing, letter tracking plus delivery confirmation for each of your compliance letters available 24/7 – 365 days a year.
19:40:22.912 [main]INFO  com.cml.qa.pages.LandingPageClass - Heading2Text_is: Print Certified Mail Labels OR Send Certified Mail Online!
19:40:27.971 [main]INFO  com.cml.qa.pages.LandingPageClass - Video is available on the Page: true
 and Video Source Url is: https://player.vimeo.com/video/728311825?h=b6fbc949f2&title=0&byline=0&portrait=0&speed=0&badge=0&autopause=0&player_id=0&app_id=58479
19:40:28.010 [main]INFO  com.cml.qa.pages.LandingPageClass - Verify Image and Text both are present: trueImage Source Url is: https://cml-ckeditor.s3.amazonaws.com/usps_certified_mail_envelopes_with_return_receipt_electronic_250x166.jpg
19:40:28.036 [main]INFO  com.cml.qa.pages.LandingPageClass - Verify Get Started Today Image is present: true
19:40:28.448 [main]INFO  com.cml.qa.pages.LandingPageClass - Link Text for Link1 is : Certified Mail Labels: Why Is My USPS Certified Mail Delayed?
Attribute is: https://staging.certifiedmaillabels.com/blog/why-is-my-usps-certified-mail-delayed
19:40:30.831 [main]INFO  com.cml.qa.pages.LandingPageClass - Link Text for Link2 is :Certified Mail Labels: How USPS Certified Mail Works
Attribute is: https://staging.certifiedmaillabels.com/blog/how-usps-certified-mail-works
19:40:32.318 [main]INFO  com.cml.qa.pages.LandingPageClass - Link Text for Link3 is :Certified Mail Envelopes: Secure and Admissible
Attribute is: https://staging.certifiedmaillabels.com/blog/certified-mail-envelopes-secure-admissible
19:40:37.541 [main]INFO  com.cml.qa.testcases.LandingPageTest - **** Execution of Landing Page UI verification 'TC_CML_SS_001' Ended ****
