2024-06-26 12:42:05,852 [Worker-4: Loading available Gradle versions] INFO  o.e.b.c.i.u.g.PublishedGradleVersions - Gradle version information cache is up-to-date. Trying to read.
2024-06-26 12:46:44,495 [Worker-14: Building] INFO  o.e.m.c.i.l.LifecycleMappingFactory - Using org.eclipse.m2e.jdt.JarLifecycleMapping lifecycle mapping for MavenProject: CertifiedMailLables_Site:CertifiedMailLablesSite:0.0.1-SNAPSHOT @ C:\Users\waqas.naseer\git\CertifiedMailLabelsSite\pom.xml.
2024-06-26 12:46:45,893 [Worker-14: Building] WARN  o.e.m.c.i.embedder.EclipseLogger - The POM for org.testng:testng:jar:5.14.3 is invalid, transitive dependencies (if any) will not be available, enable debug logging for more details
2024-06-26 12:46:45,898 [Worker-14: Building] WARN  o.e.m.c.i.embedder.EclipseLogger - The POM for org.testng:testng:jar:5.14.4 is invalid, transitive dependencies (if any) will not be available, enable debug logging for more details
2024-06-26 12:46:45,902 [Worker-14: Building] WARN  o.e.m.c.i.embedder.EclipseLogger - The POM for org.testng:testng:jar:5.14.5 is invalid, transitive dependencies (if any) will not be available, enable debug logging for more details
2024-06-26 12:46:46,110 [Worker-14: Building] WARN  o.e.m.c.i.embedder.EclipseLogger - The POM for com.beust:jcommander:jar:1.66 is missing, no dependency information available
2024-06-26 12:46:48,937 [Worker-14: Building] INFO  o.a.m.s.f.DefaultMavenResourcesFiltering - Copying 2 resources
2024-06-26 12:46:48,960 [Worker-14: Building] INFO  o.a.m.s.f.DefaultMavenResourcesFiltering - skip non existing resourceDirectory C:\Users\waqas.naseer\git\CertifiedMailLabelsSite\src\test\resources
2024-06-26 12:47:20,574 [Worker-14: Updating Maven Project] INFO  o.e.m.c.i.p.ProjectConfigurationManager - Update started
2024-06-26 12:47:21,216 [Worker-14: Updating Maven Project] INFO  o.e.m.c.i.l.LifecycleMappingFactory - Using org.eclipse.m2e.jdt.JarLifecycleMapping lifecycle mapping for MavenProject: CertifiedMailLables_Site:CertifiedMailLablesSite:0.0.1-SNAPSHOT @ C:\Users\waqas.naseer\git\CertifiedMailLabelsSite\pom.xml.
2024-06-26 12:47:22,347 [Worker-14: Updating Maven Project] WARN  o.e.m.c.i.embedder.EclipseLogger - The POM for org.testng:testng:jar:5.14.3 is invalid, transitive dependencies (if any) will not be available, enable debug logging for more details
2024-06-26 12:47:22,350 [Worker-14: Updating Maven Project] WARN  o.e.m.c.i.embedder.EclipseLogger - The POM for org.testng:testng:jar:5.14.4 is invalid, transitive dependencies (if any) will not be available, enable debug logging for more details
2024-06-26 12:47:22,352 [Worker-14: Updating Maven Project] WARN  o.e.m.c.i.embedder.EclipseLogger - The POM for org.testng:testng:jar:5.14.5 is invalid, transitive dependencies (if any) will not be available, enable debug logging for more details
2024-06-26 12:47:22,476 [Worker-14: Updating Maven Project] WARN  o.e.m.c.i.embedder.EclipseLogger - The POM for com.beust:jcommander:jar:1.66 is missing, no dependency information available
2024-06-26 12:47:23,934 [Worker-14: Updating Maven Project] INFO  o.e.m.j.i.AbstractJavaProjectConfigurator - Adding source folder /CertifiedMailLablesSite/src/main/java
2024-06-26 12:47:23,935 [Worker-14: Updating Maven Project] INFO  o.e.m.j.i.AbstractJavaProjectConfigurator - Adding resource folder /CertifiedMailLablesSite/src/main/resources
2024-06-26 12:47:23,935 [Worker-14: Updating Maven Project] INFO  o.e.m.j.i.AbstractJavaProjectConfigurator - Adding source folder /CertifiedMailLablesSite/src/test/java
2024-06-26 12:47:23,937 [Worker-14: Updating Maven Project] INFO  o.e.m.j.i.AbstractJavaProjectConfigurator - Adding resource folder /CertifiedMailLablesSite/src/test/resources
2024-06-26 12:47:24,854 [Worker-14: Updating Maven Project] INFO  o.e.m.c.i.p.ProjectConfigurationManager - Update completed for 1 poms: local refresh takes 0.00 sec, refresh facades takes 3.00 sec, update config takes 0.00 sec 
2024-06-26 12:47:25,525 [Worker-13: Building] INFO  o.a.m.s.f.DefaultMavenResourcesFiltering - Copying 2 resources
2024-06-26 12:47:25,556 [Worker-13: Building] INFO  o.a.m.s.f.DefaultMavenResourcesFiltering - skip non existing resourceDirectory C:\Users\waqas.naseer\git\CertifiedMailLabelsSite\src\test\resources
2024-06-26 12:47:27,308 [Worker-16: Download sources and javadoc] INFO  o.e.m.j.internal.DownloadSourcesJob - Downloaded javadoc for org.seleniumhq.selenium:selenium-java:4.20.0
2024-06-26 12:47:27,334 [Worker-16: Download sources and javadoc] INFO  o.e.m.j.internal.DownloadSourcesJob - Downloaded javadoc for org.seleniumhq.selenium:selenium-api:4.20.0
2024-06-26 12:47:27,381 [Worker-16: Download sources and javadoc] INFO  o.e.m.j.internal.DownloadSourcesJob - Downloaded javadoc for org.seleniumhq.selenium:selenium-chrome-driver:4.20.0
2024-06-26 12:47:27,402 [Worker-16: Download sources and javadoc] INFO  o.e.m.j.internal.DownloadSourcesJob - Downloaded javadoc for com.google.auto.service:auto-service-annotations:1.1.1
2024-06-26 12:47:27,420 [Worker-16: Download sources and javadoc] INFO  o.e.m.j.internal.DownloadSourcesJob - Downloaded javadoc for org.seleniumhq.selenium:selenium-chromium-driver:4.20.0
2024-06-26 12:47:27,433 [Worker-16: Download sources and javadoc] INFO  o.e.m.j.internal.DownloadSourcesJob - Downloaded javadoc for org.seleniumhq.selenium:selenium-json:4.20.0
2024-06-26 12:47:27,444 [Worker-16: Download sources and javadoc] INFO  o.e.m.j.internal.DownloadSourcesJob - Downloaded javadoc for org.seleniumhq.selenium:selenium-manager:4.20.0
2024-06-26 12:47:27,460 [Worker-16: Download sources and javadoc] INFO  o.e.m.j.internal.DownloadSourcesJob - Downloaded javadoc for org.seleniumhq.selenium:selenium-devtools-v122:4.20.0
2024-06-26 12:47:27,471 [Worker-16: Download sources and javadoc] INFO  o.e.m.j.internal.DownloadSourcesJob - Downloaded javadoc for org.seleniumhq.selenium:selenium-devtools-v123:4.20.0
2024-06-26 12:47:27,482 [Worker-16: Download sources and javadoc] INFO  o.e.m.j.internal.DownloadSourcesJob - Downloaded javadoc for org.seleniumhq.selenium:selenium-devtools-v124:4.20.0
2024-06-26 12:47:27,494 [Worker-16: Download sources and javadoc] INFO  o.e.m.j.internal.DownloadSourcesJob - Downloaded javadoc for org.seleniumhq.selenium:selenium-devtools-v85:4.20.0
2024-06-26 12:47:27,506 [Worker-16: Download sources and javadoc] INFO  o.e.m.j.internal.DownloadSourcesJob - Downloaded javadoc for org.seleniumhq.selenium:selenium-edge-driver:4.20.0
2024-06-26 12:47:27,517 [Worker-16: Download sources and javadoc] INFO  o.e.m.j.internal.DownloadSourcesJob - Downloaded javadoc for org.seleniumhq.selenium:selenium-firefox-driver:4.20.0
2024-06-26 12:47:27,527 [Worker-16: Download sources and javadoc] INFO  o.e.m.j.internal.DownloadSourcesJob - Downloaded javadoc for org.seleniumhq.selenium:selenium-http:4.20.0
2024-06-26 12:47:27,539 [Worker-16: Download sources and javadoc] INFO  o.e.m.j.internal.DownloadSourcesJob - Downloaded javadoc for dev.failsafe:failsafe:3.3.2
2024-06-26 12:47:27,550 [Worker-16: Download sources and javadoc] INFO  o.e.m.j.internal.DownloadSourcesJob - Downloaded javadoc for org.seleniumhq.selenium:selenium-ie-driver:4.20.0
2024-06-26 12:47:27,571 [Worker-16: Download sources and javadoc] INFO  o.e.m.j.internal.DownloadSourcesJob - Downloaded javadoc for org.seleniumhq.selenium:selenium-remote-driver:4.20.0
2024-06-26 12:47:27,583 [Worker-16: Download sources and javadoc] INFO  o.e.m.j.internal.DownloadSourcesJob - Downloaded javadoc for io.opentelemetry.semconv:opentelemetry-semconv:1.25.0-alpha
2024-06-26 12:47:27,593 [Worker-16: Download sources and javadoc] INFO  o.e.m.j.internal.DownloadSourcesJob - Downloaded javadoc for io.opentelemetry:opentelemetry-api:1.37.0
2024-06-26 12:47:27,604 [Worker-16: Download sources and javadoc] INFO  o.e.m.j.internal.DownloadSourcesJob - Downloaded javadoc for io.opentelemetry:opentelemetry-context:1.37.0
2024-06-26 12:47:27,617 [Worker-16: Download sources and javadoc] INFO  o.e.m.j.internal.DownloadSourcesJob - Downloaded javadoc for io.opentelemetry:opentelemetry-exporter-logging:1.37.0
2024-06-26 12:47:27,628 [Worker-16: Download sources and javadoc] INFO  o.e.m.j.internal.DownloadSourcesJob - Downloaded javadoc for io.opentelemetry:opentelemetry-sdk-common:1.37.0
2024-06-26 12:47:27,642 [Worker-16: Download sources and javadoc] INFO  o.e.m.j.internal.DownloadSourcesJob - Downloaded javadoc for io.opentelemetry:opentelemetry-sdk-extension-autoconfigure-spi:1.37.0
2024-06-26 12:47:27,655 [Worker-16: Download sources and javadoc] INFO  o.e.m.j.internal.DownloadSourcesJob - Downloaded javadoc for io.opentelemetry:opentelemetry-sdk-extension-autoconfigure:1.37.0
2024-06-26 12:47:27,666 [Worker-16: Download sources and javadoc] INFO  o.e.m.j.internal.DownloadSourcesJob - Downloaded javadoc for io.opentelemetry:opentelemetry-api-incubator:1.37.0-alpha
2024-06-26 12:47:27,680 [Worker-16: Download sources and javadoc] INFO  o.e.m.j.internal.DownloadSourcesJob - Downloaded javadoc for io.opentelemetry:opentelemetry-sdk-trace:1.37.0
2024-06-26 12:47:27,724 [Worker-16: Download sources and javadoc] INFO  o.e.m.j.internal.DownloadSourcesJob - Downloaded javadoc for io.opentelemetry:opentelemetry-sdk:1.37.0
2024-06-26 12:47:27,736 [Worker-16: Download sources and javadoc] INFO  o.e.m.j.internal.DownloadSourcesJob - Downloaded javadoc for io.opentelemetry:opentelemetry-sdk-metrics:1.37.0
2024-06-26 12:47:27,748 [Worker-16: Download sources and javadoc] INFO  o.e.m.j.internal.DownloadSourcesJob - Downloaded javadoc for io.opentelemetry:opentelemetry-sdk-logs:1.37.0
2024-06-26 12:47:27,759 [Worker-16: Download sources and javadoc] INFO  o.e.m.j.internal.DownloadSourcesJob - Downloaded javadoc for net.bytebuddy:byte-buddy:1.14.14
2024-06-26 12:47:27,772 [Worker-16: Download sources and javadoc] INFO  o.e.m.j.internal.DownloadSourcesJob - Downloaded javadoc for org.seleniumhq.selenium:selenium-os:4.20.0
2024-06-26 12:47:27,816 [Worker-16: Download sources and javadoc] INFO  o.e.m.j.internal.DownloadSourcesJob - Downloaded javadoc for org.seleniumhq.selenium:selenium-safari-driver:4.20.0
2024-06-26 12:47:27,827 [Worker-16: Download sources and javadoc] INFO  o.e.m.j.internal.DownloadSourcesJob - Downloaded javadoc for org.seleniumhq.selenium:selenium-support:4.20.0
2024-06-26 12:47:27,872 [Worker-16: Download sources and javadoc] INFO  o.e.m.j.internal.DownloadSourcesJob - Downloaded javadoc for org.testng:testng:7.8.0
2024-06-26 12:47:27,887 [Worker-16: Download sources and javadoc] INFO  o.e.m.j.internal.DownloadSourcesJob - Downloaded javadoc for org.slf4j:slf4j-api:1.7.36
2024-06-26 12:47:27,900 [Worker-16: Download sources and javadoc] INFO  o.e.m.j.internal.DownloadSourcesJob - Downloaded javadoc for com.beust:jcommander:1.82
2024-06-26 12:47:27,912 [Worker-16: Download sources and javadoc] INFO  o.e.m.j.internal.DownloadSourcesJob - Downloaded javadoc for io.github.bonigarcia:webdrivermanager:5.8.0
2024-06-26 12:47:27,928 [Worker-16: Download sources and javadoc] INFO  o.e.m.j.internal.DownloadSourcesJob - Downloaded javadoc for com.google.code.gson:gson:2.10.1
2024-06-26 12:47:27,939 [Worker-16: Download sources and javadoc] INFO  o.e.m.j.internal.DownloadSourcesJob - Downloaded javadoc for com.github.docker-java:docker-java:3.3.6
2024-06-26 12:47:27,950 [Worker-16: Download sources and javadoc] INFO  o.e.m.j.internal.DownloadSourcesJob - Downloaded javadoc for com.github.docker-java:docker-java-core:3.3.6
2024-06-26 12:47:27,961 [Worker-16: Download sources and javadoc] INFO  o.e.m.j.internal.DownloadSourcesJob - Downloaded javadoc for com.github.docker-java:docker-java-api:3.3.6
2024-06-26 12:47:27,972 [Worker-16: Download sources and javadoc] INFO  o.e.m.j.internal.DownloadSourcesJob - Downloaded javadoc for org.bouncycastle:bcpkix-jdk18on:1.76
2024-06-26 12:47:27,983 [Worker-16: Download sources and javadoc] INFO  o.e.m.j.internal.DownloadSourcesJob - Downloaded javadoc for org.bouncycastle:bcprov-jdk18on:1.76
2024-06-26 12:47:27,994 [Worker-16: Download sources and javadoc] INFO  o.e.m.j.internal.DownloadSourcesJob - Downloaded javadoc for org.bouncycastle:bcutil-jdk18on:1.76
2024-06-26 12:47:28,005 [Worker-16: Download sources and javadoc] INFO  o.e.m.j.internal.DownloadSourcesJob - Downloaded javadoc for org.slf4j:jcl-over-slf4j:1.7.30
2024-06-26 12:47:28,017 [Worker-16: Download sources and javadoc] INFO  o.e.m.j.internal.DownloadSourcesJob - Downloaded javadoc for com.github.docker-java:docker-java-transport-httpclient5:3.3.6
2024-06-26 12:47:28,028 [Worker-16: Download sources and javadoc] INFO  o.e.m.j.internal.DownloadSourcesJob - Downloaded javadoc for com.github.docker-java:docker-java-transport:3.3.6
2024-06-26 12:47:28,042 [Worker-16: Download sources and javadoc] INFO  o.e.m.j.internal.DownloadSourcesJob - Downloaded javadoc for net.java.dev.jna:jna:5.13.0
2024-06-26 12:47:28,054 [Worker-16: Download sources and javadoc] INFO  o.e.m.j.internal.DownloadSourcesJob - Downloaded javadoc for org.brotli:dec:0.1.2
2024-06-26 12:47:28,068 [Worker-16: Download sources and javadoc] INFO  o.e.m.j.internal.DownloadSourcesJob - Downloaded javadoc for org.apache.commons:commons-lang3:3.14.0
2024-06-26 12:47:28,079 [Worker-16: Download sources and javadoc] INFO  o.e.m.j.internal.DownloadSourcesJob - Downloaded javadoc for org.apache.commons:commons-compress:1.26.1
2024-06-26 12:47:28,091 [Worker-16: Download sources and javadoc] INFO  o.e.m.j.internal.DownloadSourcesJob - Downloaded javadoc for commons-codec:commons-codec:1.16.1
2024-06-26 12:47:28,102 [Worker-16: Download sources and javadoc] INFO  o.e.m.j.internal.DownloadSourcesJob - Downloaded javadoc for org.apache.httpcomponents.client5:httpclient5:5.2.1
2024-06-26 12:47:28,115 [Worker-16: Download sources and javadoc] INFO  o.e.m.j.internal.DownloadSourcesJob - Downloaded javadoc for org.apache.httpcomponents.core5:httpcore5:5.2
2024-06-26 12:47:28,126 [Worker-16: Download sources and javadoc] INFO  o.e.m.j.internal.DownloadSourcesJob - Downloaded javadoc for org.apache.httpcomponents.core5:httpcore5-h2:5.2
2024-06-26 12:47:28,137 [Worker-16: Download sources and javadoc] INFO  o.e.m.j.internal.DownloadSourcesJob - Downloaded javadoc for com.github.javafaker:javafaker:1.0.2
2024-06-26 12:47:28,149 [Worker-16: Download sources and javadoc] INFO  o.e.m.j.internal.DownloadSourcesJob - Downloaded javadoc for org.yaml:snakeyaml:1.23android
2024-06-26 12:47:28,161 [Worker-16: Download sources and javadoc] INFO  o.e.m.j.internal.DownloadSourcesJob - Downloaded javadoc for com.github.mifmif:generex:1.0.2
2024-06-26 12:47:28,173 [Worker-16: Download sources and javadoc] INFO  o.e.m.j.internal.DownloadSourcesJob - Downloaded javadoc for dk.brics.automaton:automaton:1.11-8
2024-06-26 12:47:28,184 [Worker-16: Download sources and javadoc] INFO  o.e.m.j.internal.DownloadSourcesJob - Downloaded javadoc for org.apache.logging.log4j:log4j-core:2.19.0
2024-06-26 12:47:28,195 [Worker-16: Download sources and javadoc] INFO  o.e.m.j.internal.DownloadSourcesJob - Downloaded javadoc for org.apache.logging.log4j:log4j-api:2.19.0
2024-06-26 12:47:28,207 [Worker-16: Download sources and javadoc] INFO  o.e.m.j.internal.DownloadSourcesJob - Downloaded javadoc for io.qameta.allure:allure-testng:2.27.0
2024-06-26 12:47:28,218 [Worker-16: Download sources and javadoc] INFO  o.e.m.j.internal.DownloadSourcesJob - Downloaded javadoc for io.qameta.allure:allure-test-filter:2.27.0
2024-06-26 12:47:28,229 [Worker-16: Download sources and javadoc] INFO  o.e.m.j.internal.DownloadSourcesJob - Downloaded javadoc for io.qameta.allure:allure-java-commons:2.27.0
2024-06-26 12:47:28,241 [Worker-16: Download sources and javadoc] INFO  o.e.m.j.internal.DownloadSourcesJob - Downloaded javadoc for io.qameta.allure:allure-model:2.27.0
2024-06-26 12:47:28,252 [Worker-16: Download sources and javadoc] INFO  o.e.m.j.internal.DownloadSourcesJob - Downloaded javadoc for io.qameta.allure:allure-maven:2.12.0
2024-06-26 12:47:28,263 [Worker-16: Download sources and javadoc] INFO  o.e.m.j.internal.DownloadSourcesJob - Downloaded javadoc for org.apache.httpcomponents:httpclient:4.5.13
2024-06-26 12:47:28,279 [Worker-16: Download sources and javadoc] INFO  o.e.m.j.internal.DownloadSourcesJob - Downloaded javadoc for org.apache.httpcomponents:httpcore:4.4.13
2024-06-26 12:47:28,294 [Worker-16: Download sources and javadoc] INFO  o.e.m.j.internal.DownloadSourcesJob - Downloaded javadoc for commons-logging:commons-logging:1.2
2024-06-26 12:47:28,308 [Worker-16: Download sources and javadoc] INFO  o.e.m.j.internal.DownloadSourcesJob - Downloaded javadoc for com.fasterxml.jackson.core:jackson-databind:2.14.0
2024-06-26 12:47:28,322 [Worker-16: Download sources and javadoc] INFO  o.e.m.j.internal.DownloadSourcesJob - Downloaded javadoc for com.fasterxml.jackson.core:jackson-annotations:2.14.0
2024-06-26 12:47:28,333 [Worker-16: Download sources and javadoc] INFO  o.e.m.j.internal.DownloadSourcesJob - Downloaded javadoc for com.fasterxml.jackson.core:jackson-core:2.14.0
2024-06-26 12:47:28,350 [Worker-16: Download sources and javadoc] INFO  o.e.m.j.internal.DownloadSourcesJob - Downloaded javadoc for org.apache.maven:maven-plugin-api:3.8.6
2024-06-26 12:47:28,366 [Worker-16: Download sources and javadoc] INFO  o.e.m.j.internal.DownloadSourcesJob - Downloaded javadoc for org.codehaus.plexus:plexus-utils:3.3.1
2024-06-26 12:47:28,382 [Worker-16: Download sources and javadoc] INFO  o.e.m.j.internal.DownloadSourcesJob - Downloaded javadoc for org.codehaus.plexus:plexus-classworlds:2.6.0
2024-06-26 12:47:28,401 [Worker-16: Download sources and javadoc] INFO  o.e.m.j.internal.DownloadSourcesJob - Downloaded javadoc for org.apache.maven:maven-core:3.8.6
2024-06-26 12:47:28,421 [Worker-16: Download sources and javadoc] INFO  o.e.m.j.internal.DownloadSourcesJob - Downloaded javadoc for org.apache.maven:maven-model:3.8.6
2024-06-26 12:47:28,441 [Worker-16: Download sources and javadoc] INFO  o.e.m.j.internal.DownloadSourcesJob - Downloaded javadoc for org.apache.maven:maven-settings:3.8.6
2024-06-26 12:47:28,457 [Worker-16: Download sources and javadoc] INFO  o.e.m.j.internal.DownloadSourcesJob - Downloaded javadoc for org.apache.maven:maven-settings-builder:3.8.6
2024-06-26 12:47:28,472 [Worker-16: Download sources and javadoc] INFO  o.e.m.j.internal.DownloadSourcesJob - Downloaded javadoc for org.codehaus.plexus:plexus-sec-dispatcher:2.0
2024-06-26 12:47:28,500 [Worker-16: Download sources and javadoc] INFO  o.e.m.j.internal.DownloadSourcesJob - Downloaded javadoc for org.codehaus.plexus:plexus-cipher:2.0
2024-06-26 12:47:28,512 [Worker-16: Download sources and javadoc] INFO  o.e.m.j.internal.DownloadSourcesJob - Downloaded javadoc for org.apache.maven:maven-builder-support:3.8.6
2024-06-26 12:47:28,524 [Worker-16: Download sources and javadoc] INFO  o.e.m.j.internal.DownloadSourcesJob - Downloaded javadoc for org.apache.maven:maven-repository-metadata:3.8.6
2024-06-26 12:47:28,535 [Worker-16: Download sources and javadoc] INFO  o.e.m.j.internal.DownloadSourcesJob - Downloaded javadoc for org.apache.maven:maven-artifact:3.8.6
2024-06-26 12:47:28,552 [Worker-16: Download sources and javadoc] INFO  o.e.m.j.internal.DownloadSourcesJob - Downloaded javadoc for org.apache.maven:maven-model-builder:3.8.6
2024-06-26 12:47:28,563 [Worker-16: Download sources and javadoc] INFO  o.e.m.j.internal.DownloadSourcesJob - Downloaded javadoc for org.apache.maven:maven-resolver-provider:3.8.6
2024-06-26 12:47:28,576 [Worker-16: Download sources and javadoc] INFO  o.e.m.j.internal.DownloadSourcesJob - Downloaded javadoc for org.apache.maven.resolver:maven-resolver-impl:1.6.3
2024-06-26 12:47:28,588 [Worker-16: Download sources and javadoc] INFO  o.e.m.j.internal.DownloadSourcesJob - Downloaded javadoc for org.apache.maven.resolver:maven-resolver-api:1.6.3
2024-06-26 12:47:28,603 [Worker-16: Download sources and javadoc] INFO  o.e.m.j.internal.DownloadSourcesJob - Downloaded javadoc for org.apache.maven.resolver:maven-resolver-spi:1.6.3
2024-06-26 12:47:28,618 [Worker-16: Download sources and javadoc] INFO  o.e.m.j.internal.DownloadSourcesJob - Downloaded javadoc for org.apache.maven.resolver:maven-resolver-util:1.6.3
2024-06-26 12:47:28,632 [Worker-16: Download sources and javadoc] INFO  o.e.m.j.internal.DownloadSourcesJob - Downloaded javadoc for org.apache.maven.shared:maven-shared-utils:3.3.4
2024-06-26 12:47:28,643 [Worker-16: Download sources and javadoc] INFO  o.e.m.j.internal.DownloadSourcesJob - Downloaded javadoc for org.eclipse.sisu:org.eclipse.sisu.plexus:0.3.5
2024-06-26 12:47:28,656 [Worker-16: Download sources and javadoc] INFO  o.e.m.j.internal.DownloadSourcesJob - Downloaded javadoc for javax.annotation:javax.annotation-api:1.2
2024-06-26 12:47:28,682 [Worker-16: Download sources and javadoc] INFO  o.e.m.j.internal.DownloadSourcesJob - Downloaded javadoc for org.eclipse.sisu:org.eclipse.sisu.inject:0.3.5
2024-06-26 12:47:28,694 [Worker-16: Download sources and javadoc] INFO  o.e.m.j.internal.DownloadSourcesJob - Downloaded javadoc for com.google.inject:guice:4.2.2no_aop
2024-06-26 12:47:28,715 [Worker-16: Download sources and javadoc] INFO  o.e.m.j.internal.DownloadSourcesJob - Downloaded javadoc for javax.inject:javax.inject:1
2024-06-26 12:47:28,829 [Worker-16: Download sources and javadoc] INFO  o.e.m.j.internal.DownloadSourcesJob - Downloaded javadoc for org.codehaus.plexus:plexus-interpolation:1.26
2024-06-26 12:47:28,927 [Worker-16: Download sources and javadoc] INFO  o.e.m.j.internal.DownloadSourcesJob - Downloaded javadoc for org.codehaus.plexus:plexus-component-annotations:2.1.0
2024-06-26 12:47:28,938 [Worker-16: Download sources and javadoc] INFO  o.e.m.j.internal.DownloadSourcesJob - Downloaded javadoc for org.apache.maven.reporting:maven-reporting-impl:3.0.0
2024-06-26 12:47:28,949 [Worker-16: Download sources and javadoc] INFO  o.e.m.j.internal.DownloadSourcesJob - Downloaded javadoc for org.apache.maven.reporting:maven-reporting-api:3.0
2024-06-26 12:47:28,961 [Worker-16: Download sources and javadoc] INFO  o.e.m.j.internal.DownloadSourcesJob - Downloaded javadoc for org.apache.maven.doxia:doxia-sink-api:1.7
2024-06-26 12:47:28,972 [Worker-16: Download sources and javadoc] INFO  o.e.m.j.internal.DownloadSourcesJob - Downloaded javadoc for org.apache.maven.doxia:doxia-logging-api:1.7
2024-06-26 12:47:28,984 [Worker-16: Download sources and javadoc] INFO  o.e.m.j.internal.DownloadSourcesJob - Downloaded javadoc for org.apache.maven.doxia:doxia-decoration-model:1.7.4
2024-06-26 12:47:28,995 [Worker-16: Download sources and javadoc] INFO  o.e.m.j.internal.DownloadSourcesJob - Downloaded javadoc for org.apache.maven.doxia:doxia-core:1.7
2024-06-26 12:47:29,007 [Worker-16: Download sources and javadoc] INFO  o.e.m.j.internal.DownloadSourcesJob - Downloaded javadoc for org.codehaus.plexus:plexus-container-default:1.0-alpha-30
2024-06-26 12:47:29,019 [Worker-16: Download sources and javadoc] INFO  o.e.m.j.internal.DownloadSourcesJob - Downloaded javadoc for commons-lang:commons-lang:2.4
2024-06-26 12:47:29,030 [Worker-16: Download sources and javadoc] INFO  o.e.m.j.internal.DownloadSourcesJob - Downloaded javadoc for xmlunit:xmlunit:1.5
2024-06-26 12:47:29,066 [Worker-16: Download sources and javadoc] INFO  o.e.m.j.internal.DownloadSourcesJob - Downloaded javadoc for org.apache.maven.doxia:doxia-site-renderer:1.7.4
2024-06-26 12:47:29,079 [Worker-16: Download sources and javadoc] INFO  o.e.m.j.internal.DownloadSourcesJob - Downloaded javadoc for org.apache.maven.doxia:doxia-skin-model:1.7.4
2024-06-26 12:47:29,090 [Worker-16: Download sources and javadoc] INFO  o.e.m.j.internal.DownloadSourcesJob - Downloaded javadoc for org.apache.maven.doxia:doxia-module-xhtml:1.7
2024-06-26 12:47:29,101 [Worker-16: Download sources and javadoc] INFO  o.e.m.j.internal.DownloadSourcesJob - Downloaded javadoc for org.codehaus.plexus:plexus-i18n:1.0-beta-7
2024-06-26 12:47:29,113 [Worker-16: Download sources and javadoc] INFO  o.e.m.j.internal.DownloadSourcesJob - Downloaded javadoc for org.codehaus.plexus:plexus-velocity:1.2
2024-06-26 12:47:29,123 [Worker-16: Download sources and javadoc] INFO  o.e.m.j.internal.DownloadSourcesJob - Downloaded javadoc for org.apache.velocity:velocity:1.7
2024-06-26 12:47:29,127 [Worker-16: Download sources and javadoc] INFO  o.e.m.j.internal.DownloadSourcesJob - Downloaded javadoc for org.apache.velocity:velocity-tools:2.0
2024-06-26 12:47:29,138 [Worker-16: Download sources and javadoc] INFO  o.e.m.j.internal.DownloadSourcesJob - Downloaded javadoc for org.apache.struts:struts-core:1.3.8
2024-06-26 12:47:29,149 [Worker-16: Download sources and javadoc] INFO  o.e.m.j.internal.DownloadSourcesJob - Downloaded javadoc for org.apache.struts:struts-taglib:1.3.8
2024-06-26 12:47:29,164 [Worker-16: Download sources and javadoc] INFO  o.e.m.j.internal.DownloadSourcesJob - Downloaded javadoc for org.apache.struts:struts-tiles:1.3.8
2024-06-26 12:47:29,176 [Worker-16: Download sources and javadoc] INFO  o.e.m.j.internal.DownloadSourcesJob - Downloaded javadoc for org.apache.maven.shared:maven-artifact-transfer:0.13.1
2024-06-26 12:47:29,280 [Worker-16: Download sources and javadoc] INFO  o.e.m.j.internal.DownloadSourcesJob - Downloaded javadoc for org.apache.maven.shared:maven-common-artifact-filters:3.1.0
2024-06-26 12:47:29,290 [Worker-16: Download sources and javadoc] INFO  o.e.m.j.internal.DownloadSourcesJob - Downloaded javadoc for org.sonatype.sisu:sisu-inject-plexus:1.4.2
2024-06-26 12:47:29,352 [Worker-16: Download sources and javadoc] INFO  o.e.m.j.internal.DownloadSourcesJob - Downloaded javadoc for org.sonatype.sisu:sisu-inject-bean:1.4.2
2024-06-26 12:47:29,363 [Worker-16: Download sources and javadoc] INFO  o.e.m.j.internal.DownloadSourcesJob - Downloaded javadoc for org.sonatype.sisu:sisu-guice:2.1.7noaop
2024-06-26 12:47:29,374 [Worker-16: Download sources and javadoc] INFO  o.e.m.j.internal.DownloadSourcesJob - Downloaded javadoc for commons-beanutils:commons-beanutils:1.9.4
2024-06-26 12:47:29,384 [Worker-16: Download sources and javadoc] INFO  o.e.m.j.internal.DownloadSourcesJob - Downloaded javadoc for commons-collections:commons-collections:3.2.2
2024-06-26 12:47:29,394 [Worker-16: Download sources and javadoc] INFO  o.e.m.j.internal.DownloadSourcesJob - Downloaded javadoc for net.lingala.zip4j:zip4j:1.3.3
2024-06-26 12:47:29,405 [Worker-16: Download sources and javadoc] INFO  o.e.m.j.internal.DownloadSourcesJob - Downloaded javadoc for org.apache.commons:commons-exec:1.3
2024-06-26 12:47:29,416 [Worker-16: Download sources and javadoc] INFO  o.e.m.j.internal.DownloadSourcesJob - Downloaded javadoc for org.apache.maven.plugin-tools:maven-plugin-annotations:3.7.0
2024-06-26 12:47:29,428 [Worker-16: Download sources and javadoc] INFO  o.e.m.j.internal.DownloadSourcesJob - Downloaded javadoc for org.apache.maven.plugins:maven-jxr-plugin:3.3.0
2024-06-26 12:47:29,438 [Worker-16: Download sources and javadoc] INFO  o.e.m.j.internal.DownloadSourcesJob - Downloaded javadoc for org.apache.maven:maven-jxr:3.3.0
2024-06-26 12:47:29,449 [Worker-16: Download sources and javadoc] INFO  o.e.m.j.internal.DownloadSourcesJob - Downloaded javadoc for org.apache.maven.wagon:wagon-provider-api:2.8
2024-06-26 12:47:29,459 [Worker-16: Download sources and javadoc] INFO  o.e.m.j.internal.DownloadSourcesJob - Downloaded javadoc for org.codehaus.plexus:plexus-java:1.1.1
2024-06-26 12:47:29,470 [Worker-16: Download sources and javadoc] INFO  o.e.m.j.internal.DownloadSourcesJob - Downloaded javadoc for org.ow2.asm:asm:9.2
2024-06-26 12:47:29,482 [Worker-16: Download sources and javadoc] INFO  o.e.m.j.internal.DownloadSourcesJob - Downloaded javadoc for com.thoughtworks.qdox:qdox:2.0.1
2024-06-26 12:47:29,493 [Worker-16: Download sources and javadoc] INFO  o.e.m.j.internal.DownloadSourcesJob - Downloaded javadoc for com.github.automatedowl:allure-environment-writer:1.0.0
2024-06-26 12:47:29,503 [Worker-16: Download sources and javadoc] INFO  o.e.m.j.internal.DownloadSourcesJob - Downloaded javadoc for com.google.guava:guava:27.0-jre
2024-06-26 12:47:29,514 [Worker-16: Download sources and javadoc] INFO  o.e.m.j.internal.DownloadSourcesJob - Downloaded javadoc for com.google.guava:failureaccess:1.0
2024-06-26 12:47:29,523 [Worker-16: Download sources and javadoc] INFO  o.e.m.j.internal.DownloadSourcesJob - Downloaded javadoc for com.google.code.findbugs:jsr305:3.0.2
2024-06-26 12:47:29,533 [Worker-16: Download sources and javadoc] INFO  o.e.m.j.internal.DownloadSourcesJob - Downloaded javadoc for org.checkerframework:checker-qual:2.5.2
2024-06-26 12:47:29,542 [Worker-16: Download sources and javadoc] INFO  o.e.m.j.internal.DownloadSourcesJob - Downloaded javadoc for com.google.errorprone:error_prone_annotations:2.2.0
2024-06-26 12:47:29,551 [Worker-16: Download sources and javadoc] INFO  o.e.m.j.internal.DownloadSourcesJob - Downloaded javadoc for com.google.j2objc:j2objc-annotations:1.1
2024-06-26 12:47:29,561 [Worker-16: Download sources and javadoc] INFO  o.e.m.j.internal.DownloadSourcesJob - Downloaded javadoc for org.codehaus.mojo:animal-sniffer-annotations:1.17
2024-06-26 12:47:29,639 [Worker-16: Download sources and javadoc] INFO  o.e.m.j.internal.DownloadSourcesJob - Downloaded javadoc for commons-io:commons-io:2.16.1
2024-06-26 12:47:29,650 [Worker-16: Download sources and javadoc] INFO  o.e.m.j.internal.DownloadSourcesJob - Downloaded javadoc for org.checkerframework:jdk7:2.1.14
2024-06-26 12:47:29,661 [Worker-16: Download sources and javadoc] INFO  o.e.m.j.internal.DownloadSourcesJob - Downloaded javadoc for org.uncommons:reportng:1.1.4
2024-06-26 12:47:29,916 [Worker-16: Download sources and javadoc] INFO  o.e.m.j.internal.DownloadSourcesJob - Downloaded javadoc for com.google.inject:guice:7.0.0
2024-06-26 12:47:29,925 [Worker-16: Download sources and javadoc] INFO  o.e.m.j.internal.DownloadSourcesJob - Downloaded javadoc for jakarta.inject:jakarta.inject-api:2.0.1
2024-06-26 12:47:29,935 [Worker-16: Download sources and javadoc] INFO  o.e.m.j.internal.DownloadSourcesJob - Downloaded javadoc for org.aspectj:aspectjweaver:1.9.22
2024-06-26 12:47:33,421 [Worker-17: Download sources and javadoc] INFO  o.e.m.j.internal.DownloadSourcesJob - Downloaded sources for org.seleniumhq.selenium:selenium-java:4.20.0
2024-06-26 12:47:33,436 [Worker-17: Download sources and javadoc] INFO  o.e.m.j.internal.DownloadSourcesJob - Downloaded sources for org.seleniumhq.selenium:selenium-api:4.20.0
2024-06-26 12:47:33,450 [Worker-17: Download sources and javadoc] INFO  o.e.m.j.internal.DownloadSourcesJob - Downloaded sources for org.seleniumhq.selenium:selenium-chrome-driver:4.20.0
2024-06-26 12:47:33,456 [Worker-17: Download sources and javadoc] INFO  o.e.m.j.internal.DownloadSourcesJob - Downloaded sources for com.google.auto.service:auto-service-annotations:1.1.1
2024-06-26 12:47:33,460 [Worker-17: Download sources and javadoc] INFO  o.e.m.j.internal.DownloadSourcesJob - Downloaded sources for org.seleniumhq.selenium:selenium-chromium-driver:4.20.0
2024-06-26 12:47:33,465 [Worker-17: Download sources and javadoc] INFO  o.e.m.j.internal.DownloadSourcesJob - Downloaded sources for org.seleniumhq.selenium:selenium-json:4.20.0
2024-06-26 12:47:33,470 [Worker-17: Download sources and javadoc] INFO  o.e.m.j.internal.DownloadSourcesJob - Downloaded sources for org.seleniumhq.selenium:selenium-manager:4.20.0
2024-06-26 12:47:33,475 [Worker-17: Download sources and javadoc] INFO  o.e.m.j.internal.DownloadSourcesJob - Downloaded sources for org.seleniumhq.selenium:selenium-devtools-v122:4.20.0
2024-06-26 12:47:33,479 [Worker-17: Download sources and javadoc] INFO  o.e.m.j.internal.DownloadSourcesJob - Downloaded sources for org.seleniumhq.selenium:selenium-devtools-v123:4.20.0
2024-06-26 12:47:33,483 [Worker-17: Download sources and javadoc] INFO  o.e.m.j.internal.DownloadSourcesJob - Downloaded sources for org.seleniumhq.selenium:selenium-devtools-v124:4.20.0
2024-06-26 12:47:33,486 [Worker-17: Download sources and javadoc] INFO  o.e.m.j.internal.DownloadSourcesJob - Downloaded sources for org.seleniumhq.selenium:selenium-devtools-v85:4.20.0
2024-06-26 12:47:33,489 [Worker-17: Download sources and javadoc] INFO  o.e.m.j.internal.DownloadSourcesJob - Downloaded sources for org.seleniumhq.selenium:selenium-edge-driver:4.20.0
2024-06-26 12:47:33,493 [Worker-17: Download sources and javadoc] INFO  o.e.m.j.internal.DownloadSourcesJob - Downloaded sources for org.seleniumhq.selenium:selenium-firefox-driver:4.20.0
2024-06-26 12:47:33,495 [Worker-17: Download sources and javadoc] INFO  o.e.m.j.internal.DownloadSourcesJob - Downloaded sources for org.seleniumhq.selenium:selenium-http:4.20.0
2024-06-26 12:47:33,498 [Worker-17: Download sources and javadoc] INFO  o.e.m.j.internal.DownloadSourcesJob - Downloaded sources for dev.failsafe:failsafe:3.3.2
2024-06-26 12:47:33,502 [Worker-17: Download sources and javadoc] INFO  o.e.m.j.internal.DownloadSourcesJob - Downloaded sources for org.seleniumhq.selenium:selenium-ie-driver:4.20.0
2024-06-26 12:47:33,514 [Worker-17: Download sources and javadoc] INFO  o.e.m.j.internal.DownloadSourcesJob - Downloaded sources for org.seleniumhq.selenium:selenium-remote-driver:4.20.0
2024-06-26 12:47:33,519 [Worker-17: Download sources and javadoc] INFO  o.e.m.j.internal.DownloadSourcesJob - Downloaded sources for io.opentelemetry.semconv:opentelemetry-semconv:1.25.0-alpha
2024-06-26 12:47:33,526 [Worker-17: Download sources and javadoc] INFO  o.e.m.j.internal.DownloadSourcesJob - Downloaded sources for io.opentelemetry:opentelemetry-api:1.37.0
2024-06-26 12:47:33,532 [Worker-17: Download sources and javadoc] INFO  o.e.m.j.internal.DownloadSourcesJob - Downloaded sources for io.opentelemetry:opentelemetry-context:1.37.0
2024-06-26 12:47:33,535 [Worker-17: Download sources and javadoc] INFO  o.e.m.j.internal.DownloadSourcesJob - Downloaded sources for io.opentelemetry:opentelemetry-exporter-logging:1.37.0
2024-06-26 12:47:33,538 [Worker-17: Download sources and javadoc] INFO  o.e.m.j.internal.DownloadSourcesJob - Downloaded sources for io.opentelemetry:opentelemetry-sdk-common:1.37.0
2024-06-26 12:47:33,542 [Worker-17: Download sources and javadoc] INFO  o.e.m.j.internal.DownloadSourcesJob - Downloaded sources for io.opentelemetry:opentelemetry-sdk-extension-autoconfigure-spi:1.37.0
2024-06-26 12:47:33,545 [Worker-17: Download sources and javadoc] INFO  o.e.m.j.internal.DownloadSourcesJob - Downloaded sources for io.opentelemetry:opentelemetry-sdk-extension-autoconfigure:1.37.0
2024-06-26 12:47:33,548 [Worker-17: Download sources and javadoc] INFO  o.e.m.j.internal.DownloadSourcesJob - Downloaded sources for io.opentelemetry:opentelemetry-api-incubator:1.37.0-alpha
2024-06-26 12:47:33,551 [Worker-17: Download sources and javadoc] INFO  o.e.m.j.internal.DownloadSourcesJob - Downloaded sources for io.opentelemetry:opentelemetry-sdk-trace:1.37.0
2024-06-26 12:47:33,554 [Worker-17: Download sources and javadoc] INFO  o.e.m.j.internal.DownloadSourcesJob - Downloaded sources for io.opentelemetry:opentelemetry-sdk:1.37.0
2024-06-26 12:47:33,558 [Worker-17: Download sources and javadoc] INFO  o.e.m.j.internal.DownloadSourcesJob - Downloaded sources for io.opentelemetry:opentelemetry-sdk-metrics:1.37.0
2024-06-26 12:47:33,560 [Worker-17: Download sources and javadoc] INFO  o.e.m.j.internal.DownloadSourcesJob - Downloaded sources for io.opentelemetry:opentelemetry-sdk-logs:1.37.0
2024-06-26 12:47:33,564 [Worker-17: Download sources and javadoc] INFO  o.e.m.j.internal.DownloadSourcesJob - Downloaded sources for net.bytebuddy:byte-buddy:1.14.14
2024-06-26 12:47:33,567 [Worker-17: Download sources and javadoc] INFO  o.e.m.j.internal.DownloadSourcesJob - Downloaded sources for org.seleniumhq.selenium:selenium-os:4.20.0
2024-06-26 12:47:33,570 [Worker-17: Download sources and javadoc] INFO  o.e.m.j.internal.DownloadSourcesJob - Downloaded sources for org.seleniumhq.selenium:selenium-safari-driver:4.20.0
2024-06-26 12:47:33,574 [Worker-17: Download sources and javadoc] INFO  o.e.m.j.internal.DownloadSourcesJob - Downloaded sources for org.seleniumhq.selenium:selenium-support:4.20.0
2024-06-26 12:47:33,577 [Worker-17: Download sources and javadoc] INFO  o.e.m.j.internal.DownloadSourcesJob - Downloaded sources for org.testng:testng:7.8.0
2024-06-26 12:47:33,580 [Worker-17: Download sources and javadoc] INFO  o.e.m.j.internal.DownloadSourcesJob - Downloaded sources for org.slf4j:slf4j-api:1.7.36
2024-06-26 12:47:33,584 [Worker-17: Download sources and javadoc] INFO  o.e.m.j.internal.DownloadSourcesJob - Downloaded sources for com.beust:jcommander:1.82
2024-06-26 12:47:33,587 [Worker-17: Download sources and javadoc] INFO  o.e.m.j.internal.DownloadSourcesJob - Downloaded sources for org.webjars:jquery:3.6.1
2024-06-26 12:47:33,590 [Worker-17: Download sources and javadoc] INFO  o.e.m.j.internal.DownloadSourcesJob - Downloaded sources for io.github.bonigarcia:webdrivermanager:5.8.0
2024-06-26 12:47:33,593 [Worker-17: Download sources and javadoc] INFO  o.e.m.j.internal.DownloadSourcesJob - Downloaded sources for com.google.code.gson:gson:2.10.1
2024-06-26 12:47:33,597 [Worker-17: Download sources and javadoc] INFO  o.e.m.j.internal.DownloadSourcesJob - Downloaded sources for com.github.docker-java:docker-java:3.3.6
2024-06-26 12:47:33,600 [Worker-17: Download sources and javadoc] INFO  o.e.m.j.internal.DownloadSourcesJob - Downloaded sources for com.github.docker-java:docker-java-core:3.3.6
2024-06-26 12:47:33,603 [Worker-17: Download sources and javadoc] INFO  o.e.m.j.internal.DownloadSourcesJob - Downloaded sources for com.github.docker-java:docker-java-api:3.3.6
2024-06-26 12:47:33,606 [Worker-17: Download sources and javadoc] INFO  o.e.m.j.internal.DownloadSourcesJob - Downloaded sources for org.bouncycastle:bcpkix-jdk18on:1.76
2024-06-26 12:47:33,609 [Worker-17: Download sources and javadoc] INFO  o.e.m.j.internal.DownloadSourcesJob - Downloaded sources for org.bouncycastle:bcprov-jdk18on:1.76
2024-06-26 12:47:33,612 [Worker-17: Download sources and javadoc] INFO  o.e.m.j.internal.DownloadSourcesJob - Downloaded sources for org.bouncycastle:bcutil-jdk18on:1.76
2024-06-26 12:47:33,615 [Worker-17: Download sources and javadoc] INFO  o.e.m.j.internal.DownloadSourcesJob - Downloaded sources for org.slf4j:jcl-over-slf4j:1.7.30
2024-06-26 12:47:33,631 [Worker-17: Download sources and javadoc] INFO  o.e.m.j.internal.DownloadSourcesJob - Downloaded sources for com.github.docker-java:docker-java-transport-httpclient5:3.3.6
2024-06-26 12:47:33,639 [Worker-17: Download sources and javadoc] INFO  o.e.m.j.internal.DownloadSourcesJob - Downloaded sources for com.github.docker-java:docker-java-transport:3.3.6
2024-06-26 12:47:33,643 [Worker-17: Download sources and javadoc] INFO  o.e.m.j.internal.DownloadSourcesJob - Downloaded sources for net.java.dev.jna:jna:5.13.0
2024-06-26 12:47:33,646 [Worker-17: Download sources and javadoc] INFO  o.e.m.j.internal.DownloadSourcesJob - Downloaded sources for org.brotli:dec:0.1.2
2024-06-26 12:47:33,649 [Worker-17: Download sources and javadoc] INFO  o.e.m.j.internal.DownloadSourcesJob - Downloaded sources for org.apache.commons:commons-lang3:3.14.0
2024-06-26 12:47:33,653 [Worker-17: Download sources and javadoc] INFO  o.e.m.j.internal.DownloadSourcesJob - Downloaded sources for org.apache.commons:commons-compress:1.26.1
2024-06-26 12:47:33,656 [Worker-17: Download sources and javadoc] INFO  o.e.m.j.internal.DownloadSourcesJob - Downloaded sources for commons-codec:commons-codec:1.16.1
2024-06-26 12:47:33,660 [Worker-17: Download sources and javadoc] INFO  o.e.m.j.internal.DownloadSourcesJob - Downloaded sources for org.apache.httpcomponents.client5:httpclient5:5.2.1
2024-06-26 12:47:33,663 [Worker-17: Download sources and javadoc] INFO  o.e.m.j.internal.DownloadSourcesJob - Downloaded sources for org.apache.httpcomponents.core5:httpcore5:5.2
2024-06-26 12:47:33,666 [Worker-17: Download sources and javadoc] INFO  o.e.m.j.internal.DownloadSourcesJob - Downloaded sources for org.apache.httpcomponents.core5:httpcore5-h2:5.2
2024-06-26 12:47:33,669 [Worker-17: Download sources and javadoc] INFO  o.e.m.j.internal.DownloadSourcesJob - Downloaded sources for com.github.javafaker:javafaker:1.0.2
2024-06-26 12:47:33,673 [Worker-17: Download sources and javadoc] INFO  o.e.m.j.internal.DownloadSourcesJob - Downloaded sources for org.yaml:snakeyaml:1.23android
2024-06-26 12:47:33,676 [Worker-17: Download sources and javadoc] INFO  o.e.m.j.internal.DownloadSourcesJob - Downloaded sources for com.github.mifmif:generex:1.0.2
2024-06-26 12:47:33,679 [Worker-17: Download sources and javadoc] INFO  o.e.m.j.internal.DownloadSourcesJob - Downloaded sources for dk.brics.automaton:automaton:1.11-8
2024-06-26 12:47:33,683 [Worker-17: Download sources and javadoc] INFO  o.e.m.j.internal.DownloadSourcesJob - Downloaded sources for org.apache.logging.log4j:log4j-core:2.19.0
2024-06-26 12:47:33,687 [Worker-17: Download sources and javadoc] INFO  o.e.m.j.internal.DownloadSourcesJob - Downloaded sources for org.apache.logging.log4j:log4j-api:2.19.0
2024-06-26 12:47:33,691 [Worker-17: Download sources and javadoc] INFO  o.e.m.j.internal.DownloadSourcesJob - Downloaded sources for io.qameta.allure:allure-testng:2.27.0
2024-06-26 12:47:33,695 [Worker-17: Download sources and javadoc] INFO  o.e.m.j.internal.DownloadSourcesJob - Downloaded sources for io.qameta.allure:allure-test-filter:2.27.0
2024-06-26 12:47:33,698 [Worker-17: Download sources and javadoc] INFO  o.e.m.j.internal.DownloadSourcesJob - Downloaded sources for io.qameta.allure:allure-java-commons:2.27.0
2024-06-26 12:47:33,701 [Worker-17: Download sources and javadoc] INFO  o.e.m.j.internal.DownloadSourcesJob - Downloaded sources for io.qameta.allure:allure-model:2.27.0
2024-06-26 12:47:33,704 [Worker-17: Download sources and javadoc] INFO  o.e.m.j.internal.DownloadSourcesJob - Downloaded sources for io.qameta.allure:allure-maven:2.12.0
2024-06-26 12:47:33,708 [Worker-17: Download sources and javadoc] INFO  o.e.m.j.internal.DownloadSourcesJob - Downloaded sources for org.apache.httpcomponents:httpclient:4.5.13
2024-06-26 12:47:33,711 [Worker-17: Download sources and javadoc] INFO  o.e.m.j.internal.DownloadSourcesJob - Downloaded sources for org.apache.httpcomponents:httpcore:4.4.13
2024-06-26 12:47:33,714 [Worker-17: Download sources and javadoc] INFO  o.e.m.j.internal.DownloadSourcesJob - Downloaded sources for commons-logging:commons-logging:1.2
2024-06-26 12:47:33,718 [Worker-17: Download sources and javadoc] INFO  o.e.m.j.internal.DownloadSourcesJob - Downloaded sources for com.fasterxml.jackson.core:jackson-databind:2.14.0
2024-06-26 12:47:33,725 [Worker-17: Download sources and javadoc] INFO  o.e.m.j.internal.DownloadSourcesJob - Downloaded sources for com.fasterxml.jackson.core:jackson-annotations:2.14.0
2024-06-26 12:47:33,728 [Worker-17: Download sources and javadoc] INFO  o.e.m.j.internal.DownloadSourcesJob - Downloaded sources for com.fasterxml.jackson.core:jackson-core:2.14.0
2024-06-26 12:47:33,731 [Worker-17: Download sources and javadoc] INFO  o.e.m.j.internal.DownloadSourcesJob - Downloaded sources for org.apache.maven:maven-plugin-api:3.8.6
2024-06-26 12:47:33,734 [Worker-17: Download sources and javadoc] INFO  o.e.m.j.internal.DownloadSourcesJob - Downloaded sources for org.codehaus.plexus:plexus-utils:3.3.1
2024-06-26 12:47:33,737 [Worker-17: Download sources and javadoc] INFO  o.e.m.j.internal.DownloadSourcesJob - Downloaded sources for org.codehaus.plexus:plexus-classworlds:2.6.0
2024-06-26 12:47:33,759 [Worker-17: Download sources and javadoc] INFO  o.e.m.j.internal.DownloadSourcesJob - Downloaded sources for org.apache.maven:maven-core:3.8.6
2024-06-26 12:47:33,766 [Worker-17: Download sources and javadoc] INFO  o.e.m.j.internal.DownloadSourcesJob - Downloaded sources for org.apache.maven:maven-model:3.8.6
2024-06-26 12:47:33,770 [Worker-17: Download sources and javadoc] INFO  o.e.m.j.internal.DownloadSourcesJob - Downloaded sources for org.apache.maven:maven-settings:3.8.6
2024-06-26 12:47:33,773 [Worker-17: Download sources and javadoc] INFO  o.e.m.j.internal.DownloadSourcesJob - Downloaded sources for org.apache.maven:maven-settings-builder:3.8.6
2024-06-26 12:47:33,776 [Worker-17: Download sources and javadoc] INFO  o.e.m.j.internal.DownloadSourcesJob - Downloaded sources for org.codehaus.plexus:plexus-sec-dispatcher:2.0
2024-06-26 12:47:33,780 [Worker-17: Download sources and javadoc] INFO  o.e.m.j.internal.DownloadSourcesJob - Downloaded sources for org.codehaus.plexus:plexus-cipher:2.0
2024-06-26 12:47:33,783 [Worker-17: Download sources and javadoc] INFO  o.e.m.j.internal.DownloadSourcesJob - Downloaded sources for org.apache.maven:maven-builder-support:3.8.6
2024-06-26 12:47:33,787 [Worker-17: Download sources and javadoc] INFO  o.e.m.j.internal.DownloadSourcesJob - Downloaded sources for org.apache.maven:maven-repository-metadata:3.8.6
2024-06-26 12:47:33,790 [Worker-17: Download sources and javadoc] INFO  o.e.m.j.internal.DownloadSourcesJob - Downloaded sources for org.apache.maven:maven-artifact:3.8.6
2024-06-26 12:47:33,793 [Worker-17: Download sources and javadoc] INFO  o.e.m.j.internal.DownloadSourcesJob - Downloaded sources for org.apache.maven:maven-model-builder:3.8.6
2024-06-26 12:47:33,799 [Worker-17: Download sources and javadoc] INFO  o.e.m.j.internal.DownloadSourcesJob - Downloaded sources for org.apache.maven:maven-resolver-provider:3.8.6
2024-06-26 12:47:33,802 [Worker-17: Download sources and javadoc] INFO  o.e.m.j.internal.DownloadSourcesJob - Downloaded sources for org.apache.maven.resolver:maven-resolver-impl:1.6.3
2024-06-26 12:47:33,808 [Worker-17: Download sources and javadoc] INFO  o.e.m.j.internal.DownloadSourcesJob - Downloaded sources for org.apache.maven.resolver:maven-resolver-api:1.6.3
2024-06-26 12:47:33,811 [Worker-17: Download sources and javadoc] INFO  o.e.m.j.internal.DownloadSourcesJob - Downloaded sources for org.apache.maven.resolver:maven-resolver-spi:1.6.3
2024-06-26 12:47:33,814 [Worker-17: Download sources and javadoc] INFO  o.e.m.j.internal.DownloadSourcesJob - Downloaded sources for org.apache.maven.resolver:maven-resolver-util:1.6.3
2024-06-26 12:47:33,817 [Worker-17: Download sources and javadoc] INFO  o.e.m.j.internal.DownloadSourcesJob - Downloaded sources for org.apache.maven.shared:maven-shared-utils:3.3.4
2024-06-26 12:47:33,821 [Worker-17: Download sources and javadoc] INFO  o.e.m.j.internal.DownloadSourcesJob - Downloaded sources for org.eclipse.sisu:org.eclipse.sisu.plexus:0.3.5
2024-06-26 12:47:33,825 [Worker-17: Download sources and javadoc] INFO  o.e.m.j.internal.DownloadSourcesJob - Downloaded sources for javax.annotation:javax.annotation-api:1.2
2024-06-26 12:47:33,828 [Worker-17: Download sources and javadoc] INFO  o.e.m.j.internal.DownloadSourcesJob - Downloaded sources for org.eclipse.sisu:org.eclipse.sisu.inject:0.3.5
2024-06-26 12:47:33,833 [Worker-17: Download sources and javadoc] INFO  o.e.m.j.internal.DownloadSourcesJob - Downloaded sources for com.google.inject:guice:4.2.2no_aop
2024-06-26 12:47:33,836 [Worker-17: Download sources and javadoc] INFO  o.e.m.j.internal.DownloadSourcesJob - Downloaded sources for javax.inject:javax.inject:1
2024-06-26 12:47:33,839 [Worker-17: Download sources and javadoc] INFO  o.e.m.j.internal.DownloadSourcesJob - Downloaded sources for org.codehaus.plexus:plexus-interpolation:1.26
2024-06-26 12:47:33,842 [Worker-17: Download sources and javadoc] INFO  o.e.m.j.internal.DownloadSourcesJob - Downloaded sources for org.codehaus.plexus:plexus-component-annotations:2.1.0
2024-06-26 12:47:33,845 [Worker-17: Download sources and javadoc] INFO  o.e.m.j.internal.DownloadSourcesJob - Downloaded sources for org.apache.maven.reporting:maven-reporting-impl:3.0.0
2024-06-26 12:47:33,848 [Worker-17: Download sources and javadoc] INFO  o.e.m.j.internal.DownloadSourcesJob - Downloaded sources for org.apache.maven.reporting:maven-reporting-api:3.0
2024-06-26 12:47:33,851 [Worker-17: Download sources and javadoc] INFO  o.e.m.j.internal.DownloadSourcesJob - Downloaded sources for org.apache.maven.doxia:doxia-sink-api:1.7
2024-06-26 12:47:33,854 [Worker-17: Download sources and javadoc] INFO  o.e.m.j.internal.DownloadSourcesJob - Downloaded sources for org.apache.maven.doxia:doxia-logging-api:1.7
2024-06-26 12:47:33,857 [Worker-17: Download sources and javadoc] INFO  o.e.m.j.internal.DownloadSourcesJob - Downloaded sources for org.apache.maven.doxia:doxia-decoration-model:1.7.4
2024-06-26 12:47:33,861 [Worker-17: Download sources and javadoc] INFO  o.e.m.j.internal.DownloadSourcesJob - Downloaded sources for org.apache.maven.doxia:doxia-core:1.7
2024-06-26 12:47:33,886 [Worker-17: Download sources and javadoc] INFO  o.e.m.j.internal.DownloadSourcesJob - Downloaded sources for org.codehaus.plexus:plexus-container-default:1.0-alpha-30
2024-06-26 12:47:33,890 [Worker-17: Download sources and javadoc] INFO  o.e.m.j.internal.DownloadSourcesJob - Downloaded sources for junit:junit:3.8.1
2024-06-26 12:47:33,894 [Worker-17: Download sources and javadoc] INFO  o.e.m.j.internal.DownloadSourcesJob - Downloaded sources for commons-lang:commons-lang:2.4
2024-06-26 12:47:33,897 [Worker-17: Download sources and javadoc] INFO  o.e.m.j.internal.DownloadSourcesJob - Downloaded sources for xmlunit:xmlunit:1.5
2024-06-26 12:47:33,900 [Worker-17: Download sources and javadoc] INFO  o.e.m.j.internal.DownloadSourcesJob - Downloaded sources for org.apache.maven.doxia:doxia-site-renderer:1.7.4
2024-06-26 12:47:33,903 [Worker-17: Download sources and javadoc] INFO  o.e.m.j.internal.DownloadSourcesJob - Downloaded sources for org.apache.maven.doxia:doxia-skin-model:1.7.4
2024-06-26 12:47:33,906 [Worker-17: Download sources and javadoc] INFO  o.e.m.j.internal.DownloadSourcesJob - Downloaded sources for org.apache.maven.doxia:doxia-module-xhtml:1.7
2024-06-26 12:47:33,909 [Worker-17: Download sources and javadoc] INFO  o.e.m.j.internal.DownloadSourcesJob - Downloaded sources for org.codehaus.plexus:plexus-i18n:1.0-beta-7
2024-06-26 12:47:33,912 [Worker-17: Download sources and javadoc] INFO  o.e.m.j.internal.DownloadSourcesJob - Downloaded sources for org.codehaus.plexus:plexus-velocity:1.2
2024-06-26 12:47:33,916 [Worker-17: Download sources and javadoc] INFO  o.e.m.j.internal.DownloadSourcesJob - Downloaded sources for org.apache.velocity:velocity:1.7
2024-06-26 12:47:33,918 [Worker-17: Download sources and javadoc] INFO  o.e.m.j.internal.DownloadSourcesJob - Downloaded sources for commons-digester:commons-digester:1.8
2024-06-26 12:47:33,921 [Worker-17: Download sources and javadoc] INFO  o.e.m.j.internal.DownloadSourcesJob - Downloaded sources for commons-chain:commons-chain:1.1
2024-06-26 12:47:33,926 [Worker-17: Download sources and javadoc] INFO  o.e.m.j.internal.DownloadSourcesJob - Downloaded sources for commons-validator:commons-validator:1.3.1
2024-06-26 12:47:33,931 [Worker-17: Download sources and javadoc] INFO  o.e.m.j.internal.DownloadSourcesJob - Downloaded sources for oro:oro:2.0.8
2024-06-26 12:47:33,934 [Worker-17: Download sources and javadoc] INFO  o.e.m.j.internal.DownloadSourcesJob - Downloaded sources for sslext:sslext:1.2-0
2024-06-26 12:47:33,937 [Worker-17: Download sources and javadoc] INFO  o.e.m.j.internal.DownloadSourcesJob - Downloaded sources for org.apache.struts:struts-core:1.3.8
2024-06-26 12:47:33,942 [Worker-17: Download sources and javadoc] INFO  o.e.m.j.internal.DownloadSourcesJob - Downloaded sources for antlr:antlr:2.7.2
2024-06-26 12:47:33,945 [Worker-17: Download sources and javadoc] INFO  o.e.m.j.internal.DownloadSourcesJob - Downloaded sources for org.apache.struts:struts-taglib:1.3.8
2024-06-26 12:47:33,948 [Worker-17: Download sources and javadoc] INFO  o.e.m.j.internal.DownloadSourcesJob - Downloaded sources for org.apache.struts:struts-tiles:1.3.8
2024-06-26 12:47:33,951 [Worker-17: Download sources and javadoc] INFO  o.e.m.j.internal.DownloadSourcesJob - Downloaded sources for org.apache.maven.shared:maven-artifact-transfer:0.13.1
2024-06-26 12:47:33,954 [Worker-17: Download sources and javadoc] INFO  o.e.m.j.internal.DownloadSourcesJob - Downloaded sources for org.apache.maven.shared:maven-common-artifact-filters:3.1.0
2024-06-26 12:47:33,957 [Worker-17: Download sources and javadoc] INFO  o.e.m.j.internal.DownloadSourcesJob - Downloaded sources for org.sonatype.sisu:sisu-inject-plexus:1.4.2
2024-06-26 12:47:33,960 [Worker-17: Download sources and javadoc] INFO  o.e.m.j.internal.DownloadSourcesJob - Downloaded sources for org.sonatype.sisu:sisu-inject-bean:1.4.2
2024-06-26 12:47:33,964 [Worker-17: Download sources and javadoc] INFO  o.e.m.j.internal.DownloadSourcesJob - Downloaded sources for org.sonatype.sisu:sisu-guice:2.1.7noaop
2024-06-26 12:47:33,967 [Worker-17: Download sources and javadoc] INFO  o.e.m.j.internal.DownloadSourcesJob - Downloaded sources for commons-beanutils:commons-beanutils:1.9.4
2024-06-26 12:47:33,970 [Worker-17: Download sources and javadoc] INFO  o.e.m.j.internal.DownloadSourcesJob - Downloaded sources for commons-collections:commons-collections:3.2.2
2024-06-26 12:47:33,972 [Worker-17: Download sources and javadoc] INFO  o.e.m.j.internal.DownloadSourcesJob - Downloaded sources for net.lingala.zip4j:zip4j:1.3.3
2024-06-26 12:47:33,976 [Worker-17: Download sources and javadoc] INFO  o.e.m.j.internal.DownloadSourcesJob - Downloaded sources for org.apache.commons:commons-exec:1.3
2024-06-26 12:47:33,978 [Worker-17: Download sources and javadoc] INFO  o.e.m.j.internal.DownloadSourcesJob - Downloaded sources for org.apache.maven.plugin-tools:maven-plugin-annotations:3.7.0
2024-06-26 12:47:33,981 [Worker-17: Download sources and javadoc] INFO  o.e.m.j.internal.DownloadSourcesJob - Downloaded sources for org.apache.maven.plugins:maven-jxr-plugin:3.3.0
2024-06-26 12:47:33,984 [Worker-17: Download sources and javadoc] INFO  o.e.m.j.internal.DownloadSourcesJob - Downloaded sources for org.apache.maven:maven-jxr:3.3.0
2024-06-26 12:47:33,988 [Worker-17: Download sources and javadoc] INFO  o.e.m.j.internal.DownloadSourcesJob - Downloaded sources for org.apache.maven.wagon:wagon-provider-api:2.8
2024-06-26 12:47:34,001 [Worker-17: Download sources and javadoc] INFO  o.e.m.j.internal.DownloadSourcesJob - Downloaded sources for org.codehaus.plexus:plexus-java:1.1.1
2024-06-26 12:47:34,012 [Worker-17: Download sources and javadoc] INFO  o.e.m.j.internal.DownloadSourcesJob - Downloaded sources for org.ow2.asm:asm:9.2
2024-06-26 12:47:34,016 [Worker-17: Download sources and javadoc] INFO  o.e.m.j.internal.DownloadSourcesJob - Downloaded sources for com.thoughtworks.qdox:qdox:2.0.1
2024-06-26 12:47:34,019 [Worker-17: Download sources and javadoc] INFO  o.e.m.j.internal.DownloadSourcesJob - Downloaded sources for com.github.automatedowl:allure-environment-writer:1.0.0
2024-06-26 12:47:34,022 [Worker-17: Download sources and javadoc] INFO  o.e.m.j.internal.DownloadSourcesJob - Downloaded sources for com.google.guava:guava:27.0-jre
2024-06-26 12:47:34,025 [Worker-17: Download sources and javadoc] INFO  o.e.m.j.internal.DownloadSourcesJob - Downloaded sources for com.google.guava:failureaccess:1.0
2024-06-26 12:47:34,028 [Worker-17: Download sources and javadoc] INFO  o.e.m.j.internal.DownloadSourcesJob - Downloaded sources for com.google.code.findbugs:jsr305:3.0.2
2024-06-26 12:47:34,031 [Worker-17: Download sources and javadoc] INFO  o.e.m.j.internal.DownloadSourcesJob - Downloaded sources for org.checkerframework:checker-qual:2.5.2
2024-06-26 12:47:34,033 [Worker-17: Download sources and javadoc] INFO  o.e.m.j.internal.DownloadSourcesJob - Downloaded sources for com.google.errorprone:error_prone_annotations:2.2.0
2024-06-26 12:47:34,036 [Worker-17: Download sources and javadoc] INFO  o.e.m.j.internal.DownloadSourcesJob - Downloaded sources for com.google.j2objc:j2objc-annotations:1.1
2024-06-26 12:47:34,039 [Worker-17: Download sources and javadoc] INFO  o.e.m.j.internal.DownloadSourcesJob - Downloaded sources for org.codehaus.mojo:animal-sniffer-annotations:1.17
2024-06-26 12:47:34,043 [Worker-17: Download sources and javadoc] INFO  o.e.m.j.internal.DownloadSourcesJob - Downloaded sources for commons-io:commons-io:2.16.1
2024-06-26 12:47:34,046 [Worker-17: Download sources and javadoc] INFO  o.e.m.j.internal.DownloadSourcesJob - Downloaded sources for org.checkerframework:jdk7:2.1.14
2024-06-26 12:47:34,049 [Worker-17: Download sources and javadoc] INFO  o.e.m.j.internal.DownloadSourcesJob - Downloaded sources for org.uncommons:reportng:1.1.4
2024-06-26 12:47:34,054 [Worker-17: Download sources and javadoc] INFO  o.e.m.j.internal.DownloadSourcesJob - Downloaded sources for velocity:velocity:1.4
2024-06-26 12:47:34,058 [Worker-17: Download sources and javadoc] INFO  o.e.m.j.internal.DownloadSourcesJob - Downloaded sources for com.google.inject:guice:7.0.0
2024-06-26 12:47:34,061 [Worker-17: Download sources and javadoc] INFO  o.e.m.j.internal.DownloadSourcesJob - Downloaded sources for jakarta.inject:jakarta.inject-api:2.0.1
2024-06-26 12:47:34,064 [Worker-17: Download sources and javadoc] INFO  o.e.m.j.internal.DownloadSourcesJob - Downloaded sources for aopalliance:aopalliance:1.0
2024-06-26 12:47:34,067 [Worker-17: Download sources and javadoc] INFO  o.e.m.j.internal.DownloadSourcesJob - Downloaded sources for velocity:velocity-dep:1.4
2024-06-26 12:47:34,070 [Worker-17: Download sources and javadoc] INFO  o.e.m.j.internal.DownloadSourcesJob - Downloaded sources for org.aspectj:aspectjweaver:1.9.22
2024-06-26 12:48:19,901 [Worker-14: Building] INFO  o.a.m.s.f.DefaultMavenResourcesFiltering - Copying 0 resource
2024-06-26 12:48:19,906 [Worker-14: Building] INFO  o.a.m.s.f.DefaultMavenResourcesFiltering - Copying 0 resource
2024-06-26 12:52:33,953 [Worker-3: Loading available Gradle versions] INFO  o.e.b.c.i.u.g.PublishedGradleVersions - Gradle version information cache is up-to-date. Trying to read.
2024-06-26 12:59:29,756 [Worker-13: reload maven project] WARN  o.e.m.c.i.embedder.EclipseLogger - The POM for org.testng:testng:jar:5.14.3 is invalid, transitive dependencies (if any) will not be available, enable debug logging for more details
2024-06-26 12:59:29,760 [Worker-13: reload maven project] WARN  o.e.m.c.i.embedder.EclipseLogger - The POM for org.testng:testng:jar:5.14.4 is invalid, transitive dependencies (if any) will not be available, enable debug logging for more details
2024-06-26 12:59:29,763 [Worker-13: reload maven project] WARN  o.e.m.c.i.embedder.EclipseLogger - The POM for org.testng:testng:jar:5.14.5 is invalid, transitive dependencies (if any) will not be available, enable debug logging for more details
2024-06-26 12:59:29,952 [Worker-13: reload maven project] WARN  o.e.m.c.i.embedder.EclipseLogger - The POM for com.beust:jcommander:jar:1.66 is missing, no dependency information available
2024-06-26 12:59:39,761 [Worker-8: Building] INFO  o.e.m.c.i.l.LifecycleMappingFactory - Using org.eclipse.m2e.jdt.JarLifecycleMapping lifecycle mapping for MavenProject: CertifiedMailLables_Site:CertifiedMailLablesSite:0.0.1-SNAPSHOT @ C:\Users\waqas.naseer\git\CertifiedMailLabelsSite\pom.xml.
2024-06-26 12:59:40,475 [Worker-8: Building] WARN  o.e.m.c.i.embedder.EclipseLogger - The POM for org.testng:testng:jar:5.14.3 is invalid, transitive dependencies (if any) will not be available, enable debug logging for more details
2024-06-26 12:59:40,477 [Worker-8: Building] WARN  o.e.m.c.i.embedder.EclipseLogger - The POM for org.testng:testng:jar:5.14.4 is invalid, transitive dependencies (if any) will not be available, enable debug logging for more details
2024-06-26 12:59:40,480 [Worker-8: Building] WARN  o.e.m.c.i.embedder.EclipseLogger - The POM for org.testng:testng:jar:5.14.5 is invalid, transitive dependencies (if any) will not be available, enable debug logging for more details
2024-06-26 12:59:40,578 [Worker-8: Building] WARN  o.e.m.c.i.embedder.EclipseLogger - The POM for com.beust:jcommander:jar:1.66 is missing, no dependency information available
2024-06-26 12:59:41,861 [Worker-8: Building] INFO  o.a.m.s.f.DefaultMavenResourcesFiltering - Copying 2 resources
2024-06-26 12:59:41,875 [Worker-8: Building] INFO  o.a.m.s.f.DefaultMavenResourcesFiltering - Copying 0 resource
2024-06-26 12:59:45,773 [Worker-15: Building] INFO  o.e.m.c.i.l.LifecycleMappingFactory - Using org.eclipse.m2e.jdt.JarLifecycleMapping lifecycle mapping for MavenProject: CertifiedMailLables_Site:CertifiedMailLablesSite:0.0.1-SNAPSHOT @ C:\Users\waqas.naseer\git\CertifiedMailLabelsSite\pom.xml.
2024-06-26 12:59:46,547 [Worker-15: Building] WARN  o.e.m.c.i.embedder.EclipseLogger - The POM for org.testng:testng:jar:5.14.3 is invalid, transitive dependencies (if any) will not be available, enable debug logging for more details
2024-06-26 12:59:46,550 [Worker-15: Building] WARN  o.e.m.c.i.embedder.EclipseLogger - The POM for org.testng:testng:jar:5.14.4 is invalid, transitive dependencies (if any) will not be available, enable debug logging for more details
2024-06-26 12:59:46,552 [Worker-15: Building] WARN  o.e.m.c.i.embedder.EclipseLogger - The POM for org.testng:testng:jar:5.14.5 is invalid, transitive dependencies (if any) will not be available, enable debug logging for more details
2024-06-26 12:59:46,648 [Worker-15: Building] WARN  o.e.m.c.i.embedder.EclipseLogger - The POM for com.beust:jcommander:jar:1.66 is missing, no dependency information available
2024-06-26 12:59:47,363 [Worker-15: Building] INFO  o.a.m.s.f.DefaultMavenResourcesFiltering - Copying 0 resource
2024-06-26 12:59:47,368 [Worker-15: Building] INFO  o.a.m.s.f.DefaultMavenResourcesFiltering - Copying 0 resource
2024-06-26 13:04:37,245 [Worker-16: Building] INFO  o.a.m.s.f.DefaultMavenResourcesFiltering - Copying 2 resources
2024-06-26 13:04:37,254 [Worker-16: Building] INFO  o.a.m.s.f.DefaultMavenResourcesFiltering - Copying 0 resource
